<?xml version="1.0" encoding="UTF-8"?>
<testsuite name="GigasecondTest" tests="5" skipped="0" failures="0" errors="0" timestamp="2019-12-10T14:40:56" hostname="C02Z800DNCM3" time="0.026">
  <properties/>
  <testcase name="full time specified" classname="GigasecondTest" time="0.02"/>
  <testcase name="date only specification of time" classname="GigasecondTest" time="0.004"/>
  <testcase name="full time with day roll-over" classname="GigasecondTest" time="0.0"/>
  <testcase name="second test for date only specification of time" classname="GigasecondTest" time="0.0"/>
  <testcase name="third test for date only specification of time" classname="GigasecondTest" time="0.0"/>
  <system-out><![CDATA[]]></system-out>
  <system-err><![CDATA[]]></system-err>
</testsuite>
